2019/04/04 11:10:45 CEST Importing files from project directory C:/WCs/ESDBusinessDevelopment/Product_Input/DemoModels/AdaptiveCruiseControl/legacyCode
2019/04/04 11:11:01 CEST ERROR:clangrdf.logger:C:\WCs\ESDBusinessDevelopment\Product_Input\DemoModels\AdaptiveCruiseControl\legacyCode\RoverC\slprj\autosar\Input_Conversion\Input_Conversion_types.h:18:10: fatal error: 'rtwtypes.h' file not found
2019/04/04 11:11:01 CEST ERROR:clangrdf.logger:C:\WCs\ESDBusinessDevelopment\Product_Input\DemoModels\AdaptiveCruiseControl\legacyCode\RoverC\ATRover_autosar_rtw\referenced_model_includes\Obstacle_Detection.h:20:10: fatal error: 'rtwtypes.h' file not found
2019/04/04 11:11:01 CEST ERROR:clangrdf.logger:C:\WCs\ESDBusinessDevelopment\Product_Input\DemoModels\AdaptiveCruiseControl\legacyCode\RoverC\ATRover_autosar_rtw\ATRover.h:20:10: fatal error: 'rtwtypes.h' file not found
2019/04/04 11:11:01 CEST ERROR:clangrdf.logger:C:\WCs\ESDBusinessDevelopment\Product_Input\DemoModels\AdaptiveCruiseControl\legacyCode\RoverC\slprj\autosar\Input_Conversion\Input_Conversion_private.h:18:10: fatal error: 'rtwtypes.h' file not found
2019/04/04 11:11:01 CEST ERROR:clangrdf.logger:C:\WCs\ESDBusinessDevelopment\Product_Input\DemoModels\AdaptiveCruiseControl\legacyCode\RoverC\ATRover_autosar_rtw/ATRover.h:20:10: fatal error: 'rtwtypes.h' file not found
2019/04/04 11:11:01 CEST ERROR:clangrdf.logger:C:\WCs\ESDBusinessDevelopment\Product_Input\DemoModels\AdaptiveCruiseControl\legacyCode\RoverC\ATRover_autosar_rtw\referenced_model_includes\Input_Conversion_types.h:18:10: fatal error: 'rtwtypes.h' file not found
2019/04/04 11:11:01 CEST ERROR:clangrdf.logger:C:\WCs\ESDBusinessDevelopment\Product_Input\DemoModels\AdaptiveCruiseControl\legacyCode\RoverC\slprj\autosar\Input_Conversion\Input_Conversion.h:20:10: fatal error: 'rtwtypes.h' file not found
2019/04/04 11:11:01 CEST ERROR:clangrdf.logger:C:\WCs\ESDBusinessDevelopment\Product_Input\DemoModels\AdaptiveCruiseControl\legacyCode\RoverC\ATRover_autosar_rtw\referenced_model_includes\Input_Conversion_private.h:18:10: fatal error: 'rtwtypes.h' file not found
2019/04/04 11:11:01 CEST ERROR:clangrdf.logger:C:\WCs\ESDBusinessDevelopment\Product_Input\DemoModels\AdaptiveCruiseControl\legacyCode\RoverC\ATRover_autosar_rtw\stub/Platform_Types.h:14:10: fatal error: 'rtwtypes.h' file not found
2019/04/04 11:11:01 CEST ERROR:clangrdf.logger:C:\WCs\ESDBusinessDevelopment\Product_Input\DemoModels\AdaptiveCruiseControl\legacyCode\RoverC\slprj\autosar\Input_Conversion/Input_Conversion.h:20:10: fatal error: 'rtwtypes.h' file not found
2019/04/04 11:11:01 CEST ERROR:clangrdf.logger:C:\WCs\ESDBusinessDevelopment\Product_Input\DemoModels\AdaptiveCruiseControl\legacyCode\RoverC\ATRover_autosar_rtw\referenced_model_includes\Input_Conversion.h:20:10: fatal error: 'rtwtypes.h' file not found
2019/04/04 11:11:01 CEST ERROR:clangrdf.logger:C:\WCs\ESDBusinessDevelopment\Product_Input\DemoModels\AdaptiveCruiseControl\legacyCode\RoverC\ATRover_autosar_rtw\stub/Platform_Types.h:14:10: fatal error: 'rtwtypes.h' file not found
2019/04/04 11:11:01 CEST ERROR:clangrdf.logger:C:\WCs\ESDBusinessDevelopment\Product_Input\DemoModels\AdaptiveCruiseControl\legacyCode\RoverC\ATRover_autosar_rtw\stub/Platform_Types.h:14:10: fatal error: 'rtwtypes.h' file not found
2019/04/04 11:11:01 CEST ERROR:clangrdf.logger:C:\WCs\ESDBusinessDevelopment\Product_Input\DemoModels\AdaptiveCruiseControl\legacyCode\RoverC\slprj\autosar\CommandLimits\CommandLimits_types.h:18:10: fatal error: 'rtwtypes.h' file not found
2019/04/04 11:11:01 CEST ERROR:clangrdf.logger:C:\WCs\ESDBusinessDevelopment\Product_Input\DemoModels\AdaptiveCruiseControl\legacyCode\RoverC\ATRover_autosar_rtw\referenced_model_includes\CommandLimits_types.h:18:10: fatal error: 'rtwtypes.h' file not found
2019/04/04 11:11:01 CEST ERROR:clangrdf.logger:C:\WCs\ESDBusinessDevelopment\Product_Input\DemoModels\AdaptiveCruiseControl\legacyCode\RoverC\ATRover_autosar_rtw\referenced_model_includes\CommandLimits_private.h:18:10: fatal error: 'rtwtypes.h' file not found
2019/04/04 11:11:01 CEST ERROR:clangrdf.logger:C:\WCs\ESDBusinessDevelopment\Product_Input\DemoModels\AdaptiveCruiseControl\legacyCode\RoverC\slprj\autosar\CommandLimits\CommandLimits_private.h:18:10: fatal error: 'rtwtypes.h' file not found
2019/04/04 11:11:01 CEST ERROR:clangrdf.logger:C:\WCs\ESDBusinessDevelopment\Product_Input\DemoModels\AdaptiveCruiseControl\legacyCode\RoverC\ATRover_autosar_rtw\referenced_model_includes\CommandLimits.h:20:10: fatal error: 'rtwtypes.h' file not found
2019/04/04 11:11:01 CEST ERROR:clangrdf.logger:C:\WCs\ESDBusinessDevelopment\Product_Input\DemoModels\AdaptiveCruiseControl\legacyCode\RoverC\slprj\autosar\CommandLimits\CommandLimits.h:20:10: fatal error: 'rtwtypes.h' file not found
2019/04/04 11:11:01 CEST ERROR:clangrdf.logger:C:\WCs\ESDBusinessDevelopment\Product_Input\DemoModels\AdaptiveCruiseControl\legacyCode\RoverC\slprj\autosar\CommandLimits/CommandLimits.h:20:10: fatal error: 'rtwtypes.h' file not found
2019/04/04 11:11:01 CEST ERROR:clangrdf.logger:C:\WCs\ESDBusinessDevelopment\Product_Input\DemoModels\AdaptiveCruiseControl\legacyCode\RoverC\ATRover_autosar_rtw\stub/Platform_Types.h:14:10: fatal error: 'rtwtypes.h' file not found
2019/04/04 11:11:01 CEST ERROR:clangrdf.logger:C:\WCs\ESDBusinessDevelopment\Product_Input\DemoModels\AdaptiveCruiseControl\legacyCode\RoverC\ATRover_autosar_rtw\ATRover_types.h:18:10: fatal error: 'rtwtypes.h' file not found
2019/04/04 11:11:01 CEST ERROR:clangrdf.logger:C:\WCs\ESDBusinessDevelopment\Product_Input\DemoModels\AdaptiveCruiseControl\legacyCode\RoverC\ATRover_autosar_rtw\stub\Platform_Types.h:14:10: fatal error: 'rtwtypes.h' file not found
2019/04/04 11:11:01 CEST ERROR:clangrdf.logger:C:\WCs\ESDBusinessDevelopment\Product_Input\DemoModels\AdaptiveCruiseControl\legacyCode\RoverC\ATRover_autosar_rtw\ATRover_private.h:18:10: fatal error: 'rtwtypes.h' file not found
2019/04/04 11:11:01 CEST ERROR:clangrdf.logger:C:\WCs\ESDBusinessDevelopment\Product_Input\DemoModels\AdaptiveCruiseControl\legacyCode\RoverC\ATRover_autosar_rtw\referenced_model_includes\Obstacle_Detection_types.h:18:10: fatal error: 'rtwtypes.h' file not found
2019/04/04 11:11:01 CEST ERROR:clangrdf.logger:C:\WCs\ESDBusinessDevelopment\Product_Input\DemoModels\AdaptiveCruiseControl\legacyCode\RoverC\ATRover_autosar_rtw\referenced_model_includes\Obstacle_Detection_private.h:18:10: fatal error: 'rtwtypes.h' file not found
2019/04/04 11:11:01 CEST ERROR:clangrdf.logger:C:\WCs\ESDBusinessDevelopment\Product_Input\DemoModels\AdaptiveCruiseControl\legacyCode\RoverC\slprj\autosar\Obstacle_Detection\Obstacle_Detection_types.h:18:10: fatal error: 'rtwtypes.h' file not found
2019/04/04 11:11:01 CEST ERROR:clangrdf.logger:C:\WCs\ESDBusinessDevelopment\Product_Input\DemoModels\AdaptiveCruiseControl\legacyCode\RoverC\slprj\autosar\Obstacle_Detection\Obstacle_Detection_private.h:18:10: fatal error: 'rtwtypes.h' file not found
2019/04/04 11:11:01 CEST ERROR:clangrdf.logger:C:\WCs\ESDBusinessDevelopment\Product_Input\DemoModels\AdaptiveCruiseControl\legacyCode\RoverC\slprj\autosar\Obstacle_Detection\Obstacle_Detection.h:20:10: fatal error: 'rtwtypes.h' file not found
2019/04/04 11:11:01 CEST ERROR:clangrdf.logger:C:\WCs\ESDBusinessDevelopment\Product_Input\DemoModels\AdaptiveCruiseControl\legacyCode\RoverC\slprj\autosar\Obstacle_Detection/Obstacle_Detection.h:20:10: fatal error: 'rtwtypes.h' file not found
2019/04/04 11:11:09 CEST Import completed
2019/04/04 11:11:09 CEST Total number of files 37
2019/04/04 11:11:09 CEST Total number of functions 15
2019/04/04 11:11:09 CEST Total number of global variables 12
2019/04/04 11:11:09 CEST Total number of static variables 0
2019/04/04 11:11:09 CEST Total time (in hh:mm:ss) 00:00:24
