2019/03/26 16:52:03 CET Importing files from project directory C:/WCs/ESDBusinessDevelopment/Product_Input/DemoModels/AdaptiveCruiseControl/legacyCode/Rover
2019/03/26 16:52:05 CET ERROR:clangrdf.logger:C:\WCs\ESDBusinessDevelopment\Product_Input\DemoModels\AdaptiveCruiseControl\legacyCode\Rover\ATRover_autosar_rtw\ATRover.c:20:6: error: conflicting types for 'Runnable_Step'
2019/03/26 16:52:05 CET ERROR:clangrdf.logger:C:\WCs\ESDBusinessDevelopment\Product_Input\DemoModels\AdaptiveCruiseControl\legacyCode\Rover\ATRover_autosar_rtw\ATRover.c:109:19: error: read-only variable is not assignable
2019/03/26 16:52:05 CET ERROR:clangrdf.logger:C:\WCs\ESDBusinessDevelopment\Product_Input\DemoModels\AdaptiveCruiseControl\legacyCode\Rover\ATRover_autosar_rtw\ATRover.c:113:18: error: read-only variable is not assignable
2019/03/26 16:52:05 CET ERROR:clangrdf.logger:C:\WCs\ESDBusinessDevelopment\Product_Input\DemoModels\AdaptiveCruiseControl\legacyCode\Rover\ATRover_autosar_rtw\ATRover.c:117:22: error: read-only variable is not assignable
2019/03/26 16:52:05 CET ERROR:clangrdf.logger:C:\WCs\ESDBusinessDevelopment\Product_Input\DemoModels\AdaptiveCruiseControl\legacyCode\Rover\ATRover_autosar_rtw\ATRover.c:121:22: error: read-only variable is not assignable
2019/03/26 16:52:08 CET Import completed
2019/03/26 16:52:08 CET Total number of files 35
2019/03/26 16:52:08 CET Total number of functions 11
2019/03/26 16:52:08 CET Total number of global variables 12
2019/03/26 16:52:08 CET Total number of static variables 0
2019/03/26 16:52:08 CET Total time (in hh:mm:ss) 00:00:05
