2019/03/26 16:07:27 CET Importing files from project directory C:/WCs/ESDBusinessDevelopment/Product_Input/DemoModels/AdaptiveCruiseControl/legacyCode/Rover
2019/03/26 16:07:31 CET ERROR:clangrdf.logger:C:\WCs\ESDBusinessDevelopment\Product_Input\DemoModels\AdaptiveCruiseControl\legacyCode\Rover\ATRover_autosar_rtw\ATRover.c:111:2: error: expected expression
2019/03/26 16:07:31 CET ERROR:clangrdf.logger:C:\WCs\ESDBusinessDevelopment\Product_Input\DemoModels\AdaptiveCruiseControl\legacyCode\Rover\ATRover_autosar_rtw\ATRover.c:112:1: error: expected expression
2019/03/26 16:07:33 CET Import completed
2019/03/26 16:07:33 CET Total number of files 35
2019/03/26 16:07:33 CET Total number of functions 11
2019/03/26 16:07:33 CET Total number of global variables 12
2019/03/26 16:07:33 CET Total number of static variables 0
2019/03/26 16:07:33 CET Total time (in hh:mm:ss) 00:00:05
