2019/03/26 15:36:16 CET Importing files from project directory C:/WCs/ESDBusinessDevelopment/Product_Input/DemoModels/AdaptiveCruiseControl/legacyCode/Rover
2019/03/26 15:36:18 CET ERROR:clangrdf.logger:C:\WCs\ESDBusinessDevelopment\Product_Input\DemoModels\AdaptiveCruiseControl\legacyCode\Rover\ATRover_autosar_rtw\stub\Rte_Type.h:32:9: error: unknown type name 'int16'
2019/03/26 15:36:18 CET ERROR:clangrdf.logger:C:\WCs\ESDBusinessDevelopment\Product_Input\DemoModels\AdaptiveCruiseControl\legacyCode\Rover\ATRover_autosar_rtw\stub/Rte_Type.h:32:9: error: unknown type name 'int16'
2019/03/26 15:36:18 CET ERROR:clangrdf.logger:C:\WCs\ESDBusinessDevelopment\Product_Input\DemoModels\AdaptiveCruiseControl\legacyCode\Rover\ATRover_autosar_rtw\stub/Rte_Type.h:32:9: error: unknown type name 'int16'
2019/03/26 15:36:18 CET ERROR:clangrdf.logger:C:\WCs\ESDBusinessDevelopment\Product_Input\DemoModels\AdaptiveCruiseControl\legacyCode\Rover\ATRover_autosar_rtw\stub/Rte_Type.h:32:9: error: unknown type name 'int16'
2019/03/26 15:36:18 CET ERROR:clangrdf.logger:C:\WCs\ESDBusinessDevelopment\Product_Input\DemoModels\AdaptiveCruiseControl\legacyCode\Rover\ATRover_autosar_rtw\stub/Rte_Type.h:32:9: error: unknown type name 'int16'
2019/03/26 15:36:20 CET Import completed
2019/03/26 15:36:20 CET Total number of files 35
2019/03/26 15:36:20 CET Total number of functions 11
2019/03/26 15:36:20 CET Total number of global variables 12
2019/03/26 15:36:20 CET Total number of static variables 0
2019/03/26 15:36:20 CET Total time (in hh:mm:ss) 00:00:04
