2019/03/26 15:37:43 CET Importing files from project directory C:/WCs/ESDBusinessDevelopment/Product_Input/DemoModels/AdaptiveCruiseControl/legacyCode/Rover
2019/03/26 15:37:45 CET ERROR:clangrdf.logger:C:\WCs\ESDBusinessDevelopment\Product_Input\DemoModels\AdaptiveCruiseControl\legacyCode\Rover\ATRover_autosar_rtw\stub\Rte_Rover_NoSF_v1.h:16:10: fatal error: 'ATRover.h' file not found
2019/03/26 15:37:45 CET ERROR:clangrdf.logger:C:\WCs\ESDBusinessDevelopment\Product_Input\DemoModels\AdaptiveCruiseControl\legacyCode\Rover\ATRover_autosar_rtw\stub/Rte_Rover_NoSF_v1.h:16:10: fatal error: 'ATRover.h' file not found
2019/03/26 15:37:47 CET Import completed
2019/03/26 15:37:47 CET Total number of files 35
2019/03/26 15:37:47 CET Total number of functions 11
2019/03/26 15:37:47 CET Total number of global variables 12
2019/03/26 15:37:47 CET Total number of static variables 0
2019/03/26 15:37:47 CET Total time (in hh:mm:ss) 00:00:04
