2019/03/26 15:15:57 CET Importing files from project directory C:/WCs/ESDBusinessDevelopment/Product_Input/DemoModels/AdaptiveCruiseControl/legacyCode/Rover/ATRover_autosar_rtw
2019/03/26 15:15:59 CET ERROR:clangrdf.logger:C:\WCs\ESDBusinessDevelopment\Product_Input\DemoModels\AdaptiveCruiseControl\legacyCode\Rover\ATRover_autosar_rtw\ATRover_private.h:19:10: fatal error: 'Rte_Rover_NoSF_v1.h' file not found
2019/03/26 15:15:59 CET ERROR:clangrdf.logger:C:\WCs\ESDBusinessDevelopment\Product_Input\DemoModels\AdaptiveCruiseControl\legacyCode\Rover\ATRover_autosar_rtw\ATRover.h:26:10: fatal error: 'Obstacle_Detection.h' file not found
2019/03/26 15:15:59 CET ERROR:clangrdf.logger:C:\WCs\ESDBusinessDevelopment\Product_Input\DemoModels\AdaptiveCruiseControl\legacyCode\Rover\ATRover_autosar_rtw/ATRover.h:26:10: fatal error: 'Obstacle_Detection.h' file not found
2019/03/26 15:15:59 CET ERROR:clangrdf.logger:C:\WCs\ESDBusinessDevelopment\Product_Input\DemoModels\AdaptiveCruiseControl\legacyCode\Rover\ATRover_autosar_rtw\stub\Rte_Rover_NoSF_v1.h:16:10: fatal error: 'ATRover.h' file not found
2019/03/26 15:15:59 CET ERROR:clangrdf.logger:C:\WCs\ESDBusinessDevelopment\Product_Input\DemoModels\AdaptiveCruiseControl\legacyCode\Rover\ATRover_autosar_rtw\stub/Rte_Rover_NoSF_v1.h:16:10: fatal error: 'ATRover.h' file not found
2019/03/26 15:16:00 CET Import completed
2019/03/26 15:16:00 CET Total number of files 19
2019/03/26 15:16:00 CET Total number of functions 3
2019/03/26 15:16:00 CET Total number of global variables 1
2019/03/26 15:16:00 CET Total number of static variables 0
2019/03/26 15:16:00 CET Total time (in hh:mm:ss) 00:00:02
