2019/03/26 17:04:04 CET Importing files from project directory C:/WCs/ESDBusinessDevelopment/Product_Input/DemoModels/AdaptiveCruiseControl/legacyCode/Rover
2019/03/26 17:04:08 CET ERROR:clangrdf.logger:C:\WCs\ESDBusinessDevelopment\Product_Input\DemoModels\AdaptiveCruiseControl\legacyCode\Rover\ATRover_autosar_rtw\stub\Rte_Rover_NoSF_v1.h:117:81: error: too many arguments provided to function-like macro invocation
2019/03/26 17:04:08 CET ERROR:clangrdf.logger:C:\WCs\ESDBusinessDevelopment\Product_Input\DemoModels\AdaptiveCruiseControl\legacyCode\Rover\ATRover_autosar_rtw\stub\Rte_Rover_NoSF_v1.h:117:8: error: unknown type name 'FUNC'
2019/03/26 17:04:09 CET ERROR:clangrdf.logger:C:\WCs\ESDBusinessDevelopment\Product_Input\DemoModels\AdaptiveCruiseControl\legacyCode\Rover\ATRover_autosar_rtw\stub/Rte_Rover_NoSF_v1.h:117:81: error: too many arguments provided to function-like macro invocation
2019/03/26 17:04:09 CET ERROR:clangrdf.logger:C:\WCs\ESDBusinessDevelopment\Product_Input\DemoModels\AdaptiveCruiseControl\legacyCode\Rover\ATRover_autosar_rtw\stub/Rte_Rover_NoSF_v1.h:117:8: error: unknown type name 'FUNC'
2019/03/26 17:04:09 CET ERROR:clangrdf.logger:C:\WCs\ESDBusinessDevelopment\Product_Input\DemoModels\AdaptiveCruiseControl\legacyCode\Rover\ATRover_autosar_rtw\stub\Rte_Rover_NoSF_v1.h:117:81: error: too many arguments provided to function-like macro invocation
2019/03/26 17:04:09 CET ERROR:clangrdf.logger:C:\WCs\ESDBusinessDevelopment\Product_Input\DemoModels\AdaptiveCruiseControl\legacyCode\Rover\ATRover_autosar_rtw\stub\Rte_Rover_NoSF_v1.h:117:8: error: unknown type name 'FUNC'
2019/03/26 17:04:09 CET ERROR:clangrdf.logger:C:\WCs\ESDBusinessDevelopment\Product_Input\DemoModels\AdaptiveCruiseControl\legacyCode\Rover\ATRover_autosar_rtw\stub\Rte_Rover_NoSF_v1.h:117:81: error: too many arguments provided to function-like macro invocation
2019/03/26 17:04:09 CET ERROR:clangrdf.logger:C:\WCs\ESDBusinessDevelopment\Product_Input\DemoModels\AdaptiveCruiseControl\legacyCode\Rover\ATRover_autosar_rtw\stub\Rte_Rover_NoSF_v1.h:117:8: error: unknown type name 'FUNC'
2019/03/26 17:04:11 CET Import completed
2019/03/26 17:04:11 CET Total number of files 35
2019/03/26 17:04:11 CET Total number of functions 11
2019/03/26 17:04:11 CET Total number of global variables 12
2019/03/26 17:04:11 CET Total number of static variables 0
2019/03/26 17:04:11 CET Total time (in hh:mm:ss) 00:00:07
